TN:
SF:lib/controller/home_controller.dart
FNF:0
FNH:0
DA:12,1
DA:15,0
DA:18,0
DA:19,0
LF:4
LH:1
end_of_record
TN:
SF:lib/repository/home_repository.dart
FNF:0
FNH:0
DA:11,0
DA:12,0
DA:13,0
DA:17,0
DA:18,0
DA:19,0
LF:6
LH:0
end_of_record
TN:
SF:lib/view/home_page.dart
FNF:0
FNH:0
DA:7,2
DA:9,1
DA:10,1
DA:17,1
DA:19,3
DA:20,2
DA:21,2
DA:22,1
DA:25,1
DA:27,1
DA:28,1
DA:30,1
DA:31,1
DA:32,1
DA:35,1
DA:36,1
DA:37,3
DA:38,1
DA:39,0
DA:45,1
DA:46,1
DA:47,1
DA:50,1
DA:51,1
DA:53,0
LF:25
LH:23
end_of_record
